2 2 800 800 0.45 50 0.01
-
  Volume: 4.39274
  Momentum: (0, 0)
  Range: [1, 1.5]
-
  Volume: 4.39279
  Momentum: (1.87593e-10, -1.77408e-09)
  Range: [1, 1.5]
  Time: 8.136765e-01 (2.141254e-02 for 38 steps)
-
  Volume: 4.39335
  Momentum: (3.4526e-10, 5.64004e-09)
  Range: [1, 1.5]
  Time: 8.030095e-01 (2.113183e-02 for 38 steps)
-
  Volume: 4.39282
  Momentum: (-5.28389e-11, -3.69266e-09)
  Range: [1, 1.5]
  Time: 8.119925e-01 (2.136822e-02 for 38 steps)
-
  Volume: 4.39057
  Momentum: (2.32006e-10, 7.51513e-10)
  Range: [1, 1.5]
  Time: 8.030117e-01 (2.113189e-02 for 38 steps)
-
  Volume: 4.38941
  Momentum: (1.45282e-10, 2.7983e-08)
  Range: [1, 1.5]
  Time: 8.119070e-01 (2.136597e-02 for 38 steps)
-
  Volume: 4.39075
  Momentum: (-1.25558e-09, -1.00098e-09)
  Range: [1, 1.5]
  Time: 8.030873e-01 (2.113388e-02 for 38 steps)
-
  Volume: 4.39284
  Momentum: (1.52933e-10, -3.73547e-08)
  Range: [1, 1.5]
  Time: 8.030272e-01 (2.113230e-02 for 38 steps)
-
  Volume: 4.39521
  Momentum: (2.5285e-09, 1.90492e-08)
  Range: [1, 1.5]
  Time: 8.112667e-01 (2.134912e-02 for 38 steps)
-
  Volume: 4.39753
  Momentum: (1.95152e-09, 8.34416e-09)
  Range: [1, 1.5]
  Time: 8.031327e-01 (2.113507e-02 for 38 steps)
-
  Volume: 4.39763
  Momentum: (-2.91457e-10, -9.66647e-09)
  Range: [1, 1.5]
  Time: 8.029067e-01 (2.112912e-02 for 38 steps)
-
  Volume: 4.39704
  Momentum: (-2.24191e-09, 5.7145e-08)
  Range: [1, 1.5]
  Time: 8.030802e-01 (2.113369e-02 for 38 steps)
-
  Volume: 4.39594
  Momentum: (4.3802e-09, 9.30855e-09)
  Range: [0.994311, 1.49999]
  Time: 8.030010e-01 (2.113160e-02 for 38 steps)
-
  Volume: 4.39451
  Momentum: (-2.38201e-09, 4.73141e-08)
  Range: [0.952449, 1.39009]
  Time: 8.029447e-01 (2.113012e-02 for 38 steps)
-
  Volume: 4.39358
  Momentum: (7.52939e-11, -1.31862e-08)
  Range: [0.90207, 1.30863]
  Time: 8.120206e-01 (2.136896e-02 for 38 steps)
-
  Volume: 4.39226
  Momentum: (1.85995e-09, 1.94007e-08)
  Range: [0.839584, 1.35226]
  Time: 8.029544e-01 (2.113038e-02 for 38 steps)
-
  Volume: 4.39046
  Momentum: (-3.63244e-09, 8.1415e-09)
  Range: [0.720477, 1.36019]
  Time: 7.607193e-01 (2.113109e-02 for 36 steps)
-
  Volume: 4.38717
  Momentum: (2.04497e-09, -2.11177e-08)
  Range: [0.617945, 1.36057]
  Time: 8.029871e-01 (2.113124e-02 for 38 steps)
-
  Volume: 4.38703
  Momentum: (-1.25244e-09, -6.41788e-08)
  Range: [0.53766, 1.36285]
  Time: 8.030705e-01 (2.113344e-02 for 38 steps)
-
  Volume: 4.38935
  Momentum: (-1.95398e-09, -3.84684e-08)
  Range: [0.473115, 1.36542]
  Time: 8.030157e-01 (2.113199e-02 for 38 steps)
-
  Volume: 4.39214
  Momentum: (-1.12187e-09, 4.93762e-09)
  Range: [0.420248, 1.3705]
  Time: 8.030834e-01 (2.113377e-02 for 38 steps)
-
  Volume: 4.39099
  Momentum: (1.3717e-09, -6.66768e-08)
  Range: [0.376343, 1.3634]
  Time: 8.452553e-01 (2.113138e-02 for 40 steps)
-
  Volume: 4.38821
  Momentum: (1.18371e-09, -1.05197e-07)
  Range: [0.339131, 1.36399]
  Time: 8.452257e-01 (2.113064e-02 for 40 steps)
-
  Volume: 4.39138
  Momentum: (-2.14451e-10, -5.86426e-09)
  Range: [0.307061, 1.36373]
  Time: 8.453251e-01 (2.113313e-02 for 40 steps)
-
  Volume: 4.395
  Momentum: (-5.07849e-10, 8.03965e-09)
  Range: [0.636435, 1.36485]
  Time: 8.450534e-01 (2.112633e-02 for 40 steps)
-
  Volume: 4.39285
  Momentum: (-3.1858e-10, 2.14309e-08)
  Range: [0.682551, 1.36361]
  Time: 8.452916e-01 (2.113229e-02 for 40 steps)
-
  Volume: 4.39193
  Momentum: (-2.77767e-09, -4.72752e-08)
  Range: [0.711942, 1.79642]
  Time: 8.537463e-01 (2.134366e-02 for 40 steps)
-
  Volume: 4.3938
  Momentum: (-2.25476e-09, -8.13271e-08)
  Range: [0.734519, 1.6909]
  Time: 8.030295e-01 (2.113236e-02 for 38 steps)
-
  Volume: 4.39175
  Momentum: (9.21718e-10, 5.0848e-08)
  Range: [0.752533, 1.65203]
  Time: 8.029638e-01 (2.113063e-02 for 38 steps)
-
  Volume: 4.39458
  Momentum: (2.45061e-09, -3.83713e-08)
  Range: [0.76714, 1.61622]
  Time: 8.453059e-01 (2.113265e-02 for 40 steps)
-
  Volume: 4.39344
  Momentum: (-5.22281e-10, 1.70311e-08)
  Range: [0.779677, 1.59221]
  Time: 8.455150e-01 (2.113788e-02 for 40 steps)
-
  Volume: 4.39219
  Momentum: (-8.2691e-10, -2.91084e-08)
  Range: [0.790406, 1.57067]
  Time: 8.453096e-01 (2.113274e-02 for 40 steps)
-
  Volume: 4.39332
  Momentum: (-5.45056e-10, -2.88224e-08)
  Range: [0.799851, 1.54829]
  Time: 8.452473e-01 (2.113118e-02 for 40 steps)
-
  Volume: 4.39407
  Momentum: (-7.78933e-10, 7.54156e-08)
  Range: [0.808286, 1.52581]
  Time: 8.453752e-01 (2.113438e-02 for 40 steps)
-
  Volume: 4.39129
  Momentum: (5.78116e-10, 1.13173e-07)
  Range: [0.815704, 1.50493]
  Time: 8.451688e-01 (2.112922e-02 for 40 steps)
-
  Volume: 4.3863
  Momentum: (1.31029e-09, -2.15683e-07)
  Range: [0.822639, 1.47803]
  Time: 8.452979e-01 (2.113245e-02 for 40 steps)
-
  Volume: 4.38945
  Momentum: (7.05661e-09, -8.1895e-08)
  Range: [0.82913, 1.45212]
  Time: 8.452450e-01 (2.113113e-02 for 40 steps)
-
  Volume: 4.39601
  Momentum: (-4.6544e-09, 1.71301e-07)
  Range: [0.937898, 1.42419]
  Time: 8.453895e-01 (2.113474e-02 for 40 steps)
-
  Volume: 4.39024
  Momentum: (-6.01967e-09, -2.38958e-07)
  Range: [0.93607, 1.39646]
  Time: 8.451788e-01 (2.112947e-02 for 40 steps)
-
  Volume: 4.39593
  Momentum: (-8.38919e-09, -2.61468e-08)
  Range: [0.933704, 1.3707]
  Time: 8.451898e-01 (2.112974e-02 for 40 steps)
-
  Volume: 4.39038
  Momentum: (-4.55795e-09, 2.19402e-07)
  Range: [0.930498, 1.34194]
  Time: 8.453661e-01 (2.113415e-02 for 40 steps)
-
  Volume: 4.39588
  Momentum: (-5.60014e-09, 1.02398e-07)
  Range: [0.926447, 1.30867]
  Time: 8.452161e-01 (2.113040e-02 for 40 steps)
-
  Volume: 4.39641
  Momentum: (-5.87367e-09, 6.27425e-08)
  Range: [0.92139, 1.27271]
  Time: 8.453487e-01 (2.113372e-02 for 40 steps)
-
  Volume: 4.39474
  Momentum: (-1.22334e-09, 5.52269e-08)
  Range: [0.914711, 1.24396]
  Time: 8.453131e-01 (2.113283e-02 for 40 steps)
-
  Volume: 4.39265
  Momentum: (-1.09869e-08, -1.6645e-07)
  Range: [0.907638, 1.40165]
  Time: 8.452111e-01 (2.113028e-02 for 40 steps)
-
  Volume: 4.38982
  Momentum: (-9.68376e-09, -1.01736e-07)
  Range: [0.898719, 1.50463]
  Time: 8.030157e-01 (2.113199e-02 for 38 steps)
-
  Volume: 4.39535
  Momentum: (1.56157e-09, -1.11932e-07)
  Range: [0.887212, 1.47528]
  Time: 8.030360e-01 (2.113253e-02 for 38 steps)
-
  Volume: 4.38879
  Momentum: (2.44665e-09, -1.31123e-07)
  Range: [0.870731, 1.45094]
  Time: 8.029791e-01 (2.113103e-02 for 38 steps)
-
  Volume: 4.39437
  Momentum: (-1.13278e-08, 2.0767e-08)
  Range: [0.855919, 1.43087]
  Time: 8.030301e-01 (2.113237e-02 for 38 steps)
-
  Volume: 4.39507
  Momentum: (-8.32556e-09, 1.21064e-07)
  Range: [0.841795, 1.41538]
  Time: 7.692049e-01 (2.136680e-02 for 36 steps)
-
  Volume: 4.39458
  Momentum: (-1.61171e-08, -3.64669e-07)
  Range: [0.829736, 1.40007]
  Time: 7.606915e-01 (2.113032e-02 for 36 steps)
Total compute time: 4.101642e+01
