2 2 1400 1400 0.45 50 0.01
-
  Volume: 4.39271
  Momentum: (0, 0)
  Range: [1, 1.5]
-
  Volume: 4.39614
  Momentum: (-5.74042e-11, -3.1332e-09)
  Range: [1, 1.5]
  Time: 4.521680e+00 (6.851030e-02 for 66 steps)
-
  Volume: 4.4002
  Momentum: (1.13418e-10, -9.28598e-10)
  Range: [1, 1.5]
  Time: 4.490814e+00 (6.804264e-02 for 66 steps)
-
  Volume: 4.40033
  Momentum: (4.78928e-10, -1.3494e-09)
  Range: [1, 1.5]
  Time: 4.465528e+00 (6.765952e-02 for 66 steps)
-
  Volume: 4.40884
  Momentum: (6.09611e-10, 9.44818e-10)
  Range: [1, 1.5]
  Time: 4.466127e+00 (6.766859e-02 for 66 steps)
-
  Volume: 4.40677
  Momentum: (-5.50332e-10, -3.79031e-08)
  Range: [1, 1.5]
  Time: 4.438978e+00 (6.725724e-02 for 66 steps)
-
  Volume: 4.3991
  Momentum: (5.35779e-10, -1.69043e-08)
  Range: [1, 1.5]
  Time: 4.599087e+00 (6.763363e-02 for 68 steps)
-
  Volume: 4.38692
  Momentum: (7.56002e-10, -5.29811e-09)
  Range: [1, 1.5]
  Time: 4.573158e+00 (6.725232e-02 for 68 steps)
-
  Volume: 4.37019
  Momentum: (-4.1163e-10, 1.54143e-08)
  Range: [1, 1.5]
  Time: 4.600646e+00 (6.765656e-02 for 68 steps)
-
  Volume: 4.35906
  Momentum: (6.40714e-10, 1.69939e-08)
  Range: [1, 1.5]
  Time: 4.573790e+00 (6.726161e-02 for 68 steps)
-
  Volume: 4.36152
  Momentum: (2.54774e-09, -1.64067e-09)
  Range: [1, 1.5]
  Time: 4.599744e+00 (6.764329e-02 for 68 steps)
-
  Volume: 4.36257
  Momentum: (9.80652e-10, 7.54905e-08)
  Range: [1, 1.5]
  Time: 4.573511e+00 (6.725751e-02 for 68 steps)
-
  Volume: 4.36397
  Momentum: (4.69172e-10, 3.88073e-10)
  Range: [0.994485, 1.49999]
  Time: 4.573828e+00 (6.726218e-02 for 68 steps)
-
  Volume: 4.367
  Momentum: (1.54694e-09, -2.75572e-09)
  Range: [0.95177, 1.41419]
  Time: 4.601120e+00 (6.766353e-02 for 68 steps)
-
  Volume: 4.37151
  Momentum: (-1.91826e-09, 8.81137e-09)
  Range: [0.90059, 1.34751]
  Time: 4.439197e+00 (6.726056e-02 for 66 steps)
-
  Volume: 4.37441
  Momentum: (6.52953e-10, 2.62302e-08)
  Range: [0.837235, 1.35365]
  Time: 4.438991e+00 (6.725743e-02 for 66 steps)
-
  Volume: 4.37808
  Momentum: (-1.02347e-09, 3.5775e-08)
  Range: [0.71763, 1.35752]
  Time: 4.304651e+00 (6.726017e-02 for 64 steps)
-
  Volume: 4.3867
  Momentum: (-1.07421e-09, 2.07324e-07)
  Range: [0.615168, 1.36187]
  Time: 4.330334e+00 (6.766147e-02 for 64 steps)
-
  Volume: 4.38253
  Momentum: (-5.43895e-10, 2.95709e-08)
  Range: [0.534922, 1.36246]
  Time: 4.439286e+00 (6.726191e-02 for 66 steps)
-
  Volume: 4.38675
  Momentum: (-4.3695e-10, 7.28388e-08)
  Range: [0.470379, 1.3679]
  Time: 4.439205e+00 (6.726068e-02 for 66 steps)
-
  Volume: 4.38878
  Momentum: (-7.90286e-10, -2.28627e-08)
  Range: [0.417467, 1.36513]
  Time: 4.574626e+00 (6.727391e-02 for 68 steps)
-
  Volume: 4.38562
  Momentum: (7.37039e-10, -1.64562e-08)
  Range: [0.373469, 1.36697]
  Time: 4.574180e+00 (6.726735e-02 for 68 steps)
-
  Volume: 4.38617
  Momentum: (-4.00813e-10, 8.69903e-08)
  Range: [0.336424, 1.3715]
  Time: 4.600331e+00 (6.765192e-02 for 68 steps)
-
  Volume: 4.39189
  Momentum: (-1.8016e-10, -1.09672e-07)
  Range: [0.304785, 1.37395]
  Time: 4.573693e+00 (6.726020e-02 for 68 steps)
-
  Volume: 4.39904
  Momentum: (-6.37503e-10, 8.45287e-08)
  Range: [0.637243, 1.36626]
  Time: 4.708071e+00 (6.725816e-02 for 70 steps)
-
  Volume: 4.41224
  Momentum: (-8.62941e-10, 6.97568e-08)
  Range: [0.682309, 1.36609]
  Time: 4.708108e+00 (6.725868e-02 for 70 steps)
-
  Volume: 4.4136
  Momentum: (8.13373e-10, -6.33012e-08)
  Range: [0.712128, 1.75164]
  Time: 4.708061e+00 (6.725802e-02 for 70 steps)
-
  Volume: 4.40927
  Momentum: (-7.33968e-10, 6.38964e-08)
  Range: [0.734287, 1.67227]
  Time: 4.573897e+00 (6.726319e-02 for 68 steps)
-
  Volume: 4.39302
  Momentum: (-2.5856e-09, 2.55102e-08)
  Range: [0.752243, 1.6414]
  Time: 4.574948e+00 (6.727864e-02 for 68 steps)
-
  Volume: 4.384
  Momentum: (-3.34294e-10, 1.58052e-08)
  Range: [0.766958, 1.62117]
  Time: 4.598797e+00 (6.762937e-02 for 68 steps)
-
  Volume: 4.38334
  Momentum: (-1.0009e-09, 2.26748e-09)
  Range: [0.779319, 1.60845]
  Time: 4.573435e+00 (6.725640e-02 for 68 steps)
-
  Volume: 4.38236
  Momentum: (-3.52058e-09, 3.52105e-08)
  Range: [0.790084, 1.58782]
  Time: 4.573838e+00 (6.726233e-02 for 68 steps)
-
  Volume: 4.38637
  Momentum: (3.00175e-09, 7.46155e-08)
  Range: [0.799578, 1.55179]
  Time: 4.708403e+00 (6.726289e-02 for 70 steps)
-
  Volume: 4.40148
  Momentum: (-7.5981e-09, 3.78567e-08)
  Range: [0.807978, 1.53005]
  Time: 4.708084e+00 (6.725834e-02 for 70 steps)
-
  Volume: 4.41581
  Momentum: (-3.91299e-09, -1.51752e-08)
  Range: [0.815339, 1.50729]
  Time: 4.708350e+00 (6.726214e-02 for 70 steps)
-
  Volume: 4.42215
  Momentum: (-5.98371e-10, 1.59784e-07)
  Range: [0.822369, 1.48462]
  Time: 4.707934e+00 (6.725619e-02 for 70 steps)
-
  Volume: 4.41489
  Momentum: (-2.16794e-09, -1.13553e-07)
  Range: [0.828481, 1.45813]
  Time: 4.708195e+00 (6.725993e-02 for 70 steps)
-
  Volume: 4.41043
  Momentum: (-1.99805e-09, -9.05474e-08)
  Range: [0.937581, 1.43384]
  Time: 4.735185e+00 (6.764551e-02 for 70 steps)
-
  Volume: 4.40899
  Momentum: (-3.04593e-09, -2.41224e-07)
  Range: [0.935901, 1.41079]
  Time: 4.707804e+00 (6.725435e-02 for 70 steps)
-
  Volume: 4.38906
  Momentum: (-3.38011e-09, 1.02464e-07)
  Range: [0.933323, 1.38157]
  Time: 4.708327e+00 (6.726181e-02 for 70 steps)
-
  Volume: 4.39311
  Momentum: (3.19362e-09, -1.6538e-07)
  Range: [0.930106, 1.35216]
  Time: 4.708315e+00 (6.726165e-02 for 70 steps)
-
  Volume: 4.40122
  Momentum: (-2.95491e-09, 7.88183e-08)
  Range: [0.925912, 1.31937]
  Time: 4.708262e+00 (6.726088e-02 for 70 steps)
-
  Volume: 4.39694
  Momentum: (-4.09038e-09, 7.41259e-08)
  Range: [0.920778, 1.28389]
  Time: 4.708177e+00 (6.725968e-02 for 70 steps)
-
  Volume: 4.37309
  Momentum: (-2.9055e-09, 1.2159e-07)
  Range: [0.914178, 1.25483]
  Time: 4.573580e+00 (6.725853e-02 for 68 steps)
-
  Volume: 4.35182
  Momentum: (-8.05495e-09, 2.86171e-07)
  Range: [0.907248, 1.48992]
  Time: 4.573657e+00 (6.725966e-02 for 68 steps)
-
  Volume: 4.3633
  Momentum: (-3.69347e-09, -1.15535e-07)
  Range: [0.898383, 1.50454]
  Time: 4.573900e+00 (6.726324e-02 for 68 steps)
-
  Volume: 4.39456
  Momentum: (-7.64678e-09, 2.13421e-07)
  Range: [0.887001, 1.4754]
  Time: 4.439090e+00 (6.725894e-02 for 66 steps)
-
  Volume: 4.41385
  Momentum: (-6.4814e-09, -1.62499e-07)
  Range: [0.871129, 1.4514]
  Time: 4.438942e+00 (6.725670e-02 for 66 steps)
-
  Volume: 4.39883
  Momentum: (-5.87267e-09, 7.43387e-08)
  Range: [0.855742, 1.43219]
  Time: 4.331258e+00 (6.767591e-02 for 64 steps)
-
  Volume: 4.37244
  Momentum: (5.52263e-09, 4.43532e-08)
  Range: [0.841528, 1.41614]
  Time: 4.304725e+00 (6.726133e-02 for 64 steps)
-
  Volume: 4.36228
  Momentum: (-4.38055e-09, -1.35986e-07)
  Range: [0.829631, 1.40027]
  Time: 4.304704e+00 (6.726101e-02 for 64 steps)
Total compute time: 2.281686e+02
