2 2 1200 1200 0.45 50 0.01
-
  Volume: 4.39277
  Momentum: (0, 0)
  Range: [1, 1.5]
-
  Volume: 4.39519
  Momentum: (-9.96045e-11, 5.58687e-09)
  Range: [1, 1.5]
  Time: 2.910993e+00 (5.018954e-02 for 58 steps)
-
  Volume: 4.39783
  Momentum: (-2.02382e-10, 8.21625e-10)
  Range: [1, 1.5]
  Time: 3.121929e+00 (5.382636e-02 for 58 steps)
-
  Volume: 4.39574
  Momentum: (-5.07815e-10, -1.02065e-08)
  Range: [1, 1.5]
  Time: 2.810454e+00 (4.845610e-02 for 58 steps)
-
  Volume: 4.40024
  Momentum: (1.56662e-09, -1.56406e-08)
  Range: [1, 1.5]
  Time: 2.809457e+00 (4.843891e-02 for 58 steps)
-
  Volume: 4.40026
  Momentum: (2.86365e-10, 6.7458e-10)
  Range: [1, 1.5]
  Time: 2.810726e+00 (4.846080e-02 for 58 steps)
-
  Volume: 4.39941
  Momentum: (1.08576e-09, 2.31557e-08)
  Range: [1, 1.5]
  Time: 2.791624e+00 (4.813145e-02 for 58 steps)
-
  Volume: 4.39205
  Momentum: (-7.43654e-10, 1.06544e-08)
  Range: [1, 1.5]
  Time: 2.791855e+00 (4.813543e-02 for 58 steps)
-
  Volume: 4.38029
  Momentum: (5.8474e-10, -1.75166e-08)
  Range: [1, 1.5]
  Time: 2.791777e+00 (4.813409e-02 for 58 steps)
-
  Volume: 4.37247
  Momentum: (-8.2211e-10, -2.60275e-09)
  Range: [1, 1.5]
  Time: 2.810634e+00 (4.845921e-02 for 58 steps)
-
  Volume: 4.37154
  Momentum: (1.3784e-09, -2.18721e-08)
  Range: [1, 1.5]
  Time: 2.791554e+00 (4.813023e-02 for 58 steps)
-
  Volume: 4.37225
  Momentum: (-1.52735e-09, 2.98226e-08)
  Range: [1, 1.5]
  Time: 2.791504e+00 (4.812939e-02 for 58 steps)
-
  Volume: 4.37242
  Momentum: (1.18209e-09, -5.08193e-09)
  Range: [0.99394, 1.49999]
  Time: 2.791314e+00 (4.812610e-02 for 58 steps)
-
  Volume: 4.37333
  Momentum: (-1.09803e-09, 1.12322e-09)
  Range: [0.951497, 1.40823]
  Time: 2.791734e+00 (4.813335e-02 for 58 steps)
-
  Volume: 4.37501
  Momentum: (-1.25878e-09, -1.16254e-08)
  Range: [0.900578, 1.335]
  Time: 2.791505e+00 (4.812940e-02 for 58 steps)
-
  Volume: 4.37577
  Momentum: (1.49209e-10, 3.13758e-08)
  Range: [0.837674, 1.35307]
  Time: 2.695740e+00 (4.813822e-02 for 56 steps)
-
  Volume: 4.3778
  Momentum: (1.54889e-09, 1.94181e-08)
  Range: [0.718415, 1.36062]
  Time: 2.618821e+00 (4.849669e-02 for 54 steps)
-
  Volume: 4.3863
  Momentum: (5.27926e-10, 1.13489e-07)
  Range: [0.615898, 1.35935]
  Time: 2.695611e+00 (4.813591e-02 for 56 steps)
-
  Volume: 4.38882
  Momentum: (-6.87397e-10, -6.60367e-08)
  Range: [0.535616, 1.36403]
  Time: 2.695321e+00 (4.813073e-02 for 56 steps)
-
  Volume: 4.39079
  Momentum: (1.10413e-09, 8.56709e-08)
  Range: [0.471056, 1.37204]
  Time: 2.695710e+00 (4.813768e-02 for 56 steps)
-
  Volume: 4.39193
  Momentum: (-1.08937e-09, -5.16759e-08)
  Range: [0.418138, 1.36561]
  Time: 2.791801e+00 (4.813450e-02 for 58 steps)
-
  Volume: 4.38082
  Momentum: (-2.53644e-09, -6.88208e-08)
  Range: [0.37415, 1.36623]
  Time: 2.791819e+00 (4.813482e-02 for 58 steps)
-
  Volume: 4.38528
  Momentum: (1.83397e-10, -1.46471e-07)
  Range: [0.33712, 1.37209]
  Time: 2.791734e+00 (4.813335e-02 for 58 steps)
-
  Volume: 4.39292
  Momentum: (5.22331e-11, -5.3637e-08)
  Range: [0.305421, 1.36126]
  Time: 2.887843e+00 (4.813072e-02 for 60 steps)
-
  Volume: 4.40079
  Momentum: (-6.85278e-10, -2.62813e-08)
  Range: [0.636614, 1.36581]
  Time: 2.888046e+00 (4.813410e-02 for 60 steps)
-
  Volume: 4.40404
  Momentum: (-1.09109e-09, 3.46975e-08)
  Range: [0.682492, 1.36665]
  Time: 2.888034e+00 (4.813390e-02 for 60 steps)
-
  Volume: 4.39975
  Momentum: (-2.48637e-09, 1.23802e-07)
  Range: [0.712067, 1.74852]
  Time: 2.888085e+00 (4.813474e-02 for 60 steps)
-
  Volume: 4.40521
  Momentum: (-1.94873e-09, 4.93393e-08)
  Range: [0.734488, 1.67332]
  Time: 2.791742e+00 (4.813349e-02 for 58 steps)
-
  Volume: 4.404
  Momentum: (-2.60552e-09, -5.13541e-08)
  Range: [0.752275, 1.64888]
  Time: 2.791881e+00 (4.813588e-02 for 58 steps)
-
  Volume: 4.3966
  Momentum: (-2.72566e-09, -4.99559e-08)
  Range: [0.766967, 1.62234]
  Time: 2.810818e+00 (4.846238e-02 for 58 steps)
-
  Volume: 4.39356
  Momentum: (-1.59975e-10, -1.98021e-08)
  Range: [0.779421, 1.60852]
  Time: 2.791655e+00 (4.813199e-02 for 58 steps)
-
  Volume: 4.38651
  Momentum: (-2.11848e-09, -2.72778e-08)
  Range: [0.790271, 1.57304]
  Time: 2.888203e+00 (4.813672e-02 for 60 steps)
-
  Volume: 4.38659
  Momentum: (-7.94628e-09, 2.57875e-08)
  Range: [0.799664, 1.55231]
  Time: 2.888341e+00 (4.813902e-02 for 60 steps)
-
  Volume: 4.39586
  Momentum: (-8.14018e-12, 3.61904e-08)
  Range: [0.807977, 1.52946]
  Time: 2.888199e+00 (4.813666e-02 for 60 steps)
-
  Volume: 4.39118
  Momentum: (-1.54907e-09, 5.89485e-08)
  Range: [0.815389, 1.50887]
  Time: 2.887930e+00 (4.813217e-02 for 60 steps)
-
  Volume: 4.39387
  Momentum: (-6.02483e-09, -7.63652e-08)
  Range: [0.822418, 1.48372]
  Time: 2.887776e+00 (4.812961e-02 for 60 steps)
-
  Volume: 4.39987
  Momentum: (-2.44383e-09, -6.97957e-08)
  Range: [0.828678, 1.45742]
  Time: 2.887996e+00 (4.813326e-02 for 60 steps)
-
  Volume: 4.40252
  Momentum: (2.40678e-10, -2.16268e-08)
  Range: [0.937598, 1.43331]
  Time: 2.887939e+00 (4.813232e-02 for 60 steps)
-
  Volume: 4.39955
  Momentum: (-3.8507e-10, -2.19205e-07)
  Range: [0.93608, 1.40889]
  Time: 2.888096e+00 (4.813494e-02 for 60 steps)
-
  Volume: 4.36658
  Momentum: (-1.98328e-10, -7.44169e-08)
  Range: [0.933524, 1.37781]
  Time: 2.888045e+00 (4.813408e-02 for 60 steps)
-
  Volume: 4.38003
  Momentum: (-6.73243e-09, 5.90217e-07)
  Range: [0.930245, 1.34901]
  Time: 2.887953e+00 (4.813256e-02 for 60 steps)
-
  Volume: 4.39606
  Momentum: (-5.35118e-09, -1.2985e-07)
  Range: [0.926163, 1.31635]
  Time: 2.888134e+00 (4.813556e-02 for 60 steps)
-
  Volume: 4.39834
  Momentum: (3.55532e-09, -1.17886e-07)
  Range: [0.920829, 1.28557]
  Time: 2.888043e+00 (4.813405e-02 for 60 steps)
-
  Volume: 4.38158
  Momentum: (-2.09025e-09, 1.17289e-07)
  Range: [0.914151, 1.25675]
  Time: 2.791579e+00 (4.813067e-02 for 58 steps)
-
  Volume: 4.36534
  Momentum: (6.78425e-10, -1.25008e-07)
  Range: [0.907072, 1.4707]
  Time: 2.792339e+00 (4.814378e-02 for 58 steps)
-
  Volume: 4.36697
  Momentum: (4.97613e-09, 2.1551e-07)
  Range: [0.898421, 1.50507]
  Time: 2.791935e+00 (4.813680e-02 for 58 steps)
-
  Volume: 4.39724
  Momentum: (-4.60327e-09, -1.99598e-07)
  Range: [0.887167, 1.47655]
  Time: 2.791803e+00 (4.813453e-02 for 58 steps)
-
  Volume: 4.42302
  Momentum: (-7.81806e-09, -4.40414e-08)
  Range: [0.871036, 1.45149]
  Time: 2.695432e+00 (4.813271e-02 for 56 steps)
-
  Volume: 4.41471
  Momentum: (-7.66732e-09, -2.62722e-07)
  Range: [0.855153, 1.43206]
  Time: 2.695413e+00 (4.813237e-02 for 56 steps)
-
  Volume: 4.37491
  Momentum: (-3.29607e-09, 8.95979e-08)
  Range: [0.841604, 1.41606]
  Time: 2.599102e+00 (4.813152e-02 for 54 steps)
-
  Volume: 4.36373
  Momentum: (-4.38574e-09, 9.37936e-08)
  Range: [0.829713, 1.39975]
  Time: 2.599414e+00 (4.813729e-02 for 54 steps)
Total compute time: 1.405354e+02
