2 2 1000 1000 0.45 50 0.01
-
  Volume: 4.39273
  Momentum: (0, 0)
  Range: [1, 1.5]
-
  Volume: 4.39417
  Momentum: (-5.5417e-11, 5.57684e-09)
  Range: [1, 1.5]
  Time: 1.647952e+00 (3.433234e-02 for 48 steps)
-
  Volume: 4.39453
  Momentum: (1.98792e-11, -6.05526e-09)
  Range: [1, 1.5]
  Time: 1.648274e+00 (3.433905e-02 for 48 steps)
-
  Volume: 4.38729
  Momentum: (-9.65139e-10, 2.77453e-09)
  Range: [1, 1.5]
  Time: 1.647829e+00 (3.432978e-02 for 48 steps)
-
  Volume: 4.38601
  Momentum: (-2.10551e-10, -2.42954e-09)
  Range: [1, 1.5]
  Time: 1.647736e+00 (3.432782e-02 for 48 steps)
-
  Volume: 4.38772
  Momentum: (1.28055e-09, 3.46101e-09)
  Range: [1, 1.5]
  Time: 1.634831e+00 (3.405898e-02 for 48 steps)
-
  Volume: 4.39255
  Momentum: (1.30524e-09, -8.66596e-09)
  Range: [1, 1.5]
  Time: 1.634977e+00 (3.406202e-02 for 48 steps)
-
  Volume: 4.3951
  Momentum: (-5.06037e-10, -8.39166e-09)
  Range: [1, 1.5]
  Time: 1.648055e+00 (3.433447e-02 for 48 steps)
-
  Volume: 4.39722
  Momentum: (2.1874e-10, -4.70074e-09)
  Range: [1, 1.5]
  Time: 1.634313e+00 (3.404820e-02 for 48 steps)
-
  Volume: 4.39968
  Momentum: (2.15557e-10, -2.64311e-08)
  Range: [1, 1.5]
  Time: 1.634456e+00 (3.405118e-02 for 48 steps)
-
  Volume: 4.39978
  Momentum: (-2.20595e-09, -2.52574e-08)
  Range: [1, 1.5]
  Time: 1.634832e+00 (3.405899e-02 for 48 steps)
-
  Volume: 4.39969
  Momentum: (1.50549e-09, 2.73721e-08)
  Range: [1, 1.5]
  Time: 1.634844e+00 (3.405925e-02 for 48 steps)
-
  Volume: 4.39775
  Momentum: (-1.47367e-09, 5.71712e-09)
  Range: [0.993937, 1.49999]
  Time: 1.634815e+00 (3.405864e-02 for 48 steps)
-
  Volume: 4.39485
  Momentum: (2.81198e-09, -2.05152e-08)
  Range: [0.951723, 1.40007]
  Time: 1.647287e+00 (3.431849e-02 for 48 steps)
-
  Volume: 4.39178
  Momentum: (-5.09614e-10, -1.64557e-08)
  Range: [0.90104, 1.32294]
  Time: 1.634546e+00 (3.405305e-02 for 48 steps)
-
  Volume: 4.38798
  Momentum: (-4.27878e-11, 3.218e-08)
  Range: [0.838377, 1.35607]
  Time: 1.566703e+00 (3.405876e-02 for 46 steps)
-
  Volume: 4.38658
  Momentum: (1.34046e-09, -1.17678e-07)
  Range: [0.719179, 1.3578]
  Time: 1.566850e+00 (3.406196e-02 for 46 steps)
-
  Volume: 4.38745
  Momentum: (1.00227e-09, 6.98023e-09)
  Range: [0.616662, 1.36258]
  Time: 1.566801e+00 (3.406090e-02 for 46 steps)
-
  Volume: 4.38534
  Momentum: (4.08847e-09, 3.2911e-10)
  Range: [0.536386, 1.36907]
  Time: 1.566726e+00 (3.405926e-02 for 46 steps)
-
  Volume: 4.38859
  Momentum: (2.34326e-09, -1.05363e-07)
  Range: [0.47184, 1.36268]
  Time: 1.634909e+00 (3.406059e-02 for 48 steps)
-
  Volume: 4.39092
  Momentum: (7.08182e-10, -2.41512e-07)
  Range: [0.418946, 1.36577]
  Time: 1.635016e+00 (3.406282e-02 for 48 steps)
-
  Volume: 4.38413
  Momentum: (-1.75908e-10, -3.88855e-08)
  Range: [0.374993, 1.37063]
  Time: 1.634924e+00 (3.406093e-02 for 48 steps)
-
  Volume: 4.38348
  Momentum: (3.08806e-09, 1.56697e-07)
  Range: [0.337969, 1.36298]
  Time: 1.702865e+00 (3.405730e-02 for 50 steps)
-
  Volume: 4.38961
  Momentum: (-5.79913e-10, 7.91969e-08)
  Range: [0.306092, 1.3616]
  Time: 1.703003e+00 (3.406007e-02 for 50 steps)
-
  Volume: 4.39634
  Momentum: (3.01182e-09, 5.65387e-08)
  Range: [0.636175, 1.36576]
  Time: 1.702916e+00 (3.405833e-02 for 50 steps)
-
  Volume: 4.39519
  Momentum: (1.09689e-09, -7.10678e-08)
  Range: [0.682477, 1.36579]
  Time: 1.715950e+00 (3.431900e-02 for 50 steps)
-
  Volume: 4.39139
  Momentum: (-3.70383e-10, 1.19623e-07)
  Range: [0.712234, 1.71972]
  Time: 1.702846e+00 (3.405693e-02 for 50 steps)
-
  Volume: 4.39516
  Momentum: (3.83072e-10, 3.11783e-08)
  Range: [0.734596, 1.67754]
  Time: 1.634393e+00 (3.404986e-02 for 48 steps)
-
  Volume: 4.3963
  Momentum: (-6.75097e-10, -8.60205e-08)
  Range: [0.752451, 1.6528]
  Time: 1.634669e+00 (3.405561e-02 for 48 steps)
-
  Volume: 4.39446
  Momentum: (-1.93998e-09, -3.41079e-08)
  Range: [0.767195, 1.63213]
  Time: 1.634856e+00 (3.405950e-02 for 48 steps)
-
  Volume: 4.39456
  Momentum: (1.11533e-09, -4.12064e-08)
  Range: [0.779617, 1.59053]
  Time: 1.702982e+00 (3.405964e-02 for 50 steps)
-
  Volume: 4.39098
  Momentum: (-4.42724e-10, -8.65138e-08)
  Range: [0.790404, 1.5679]
  Time: 1.703107e+00 (3.406214e-02 for 50 steps)
-
  Volume: 4.39249
  Momentum: (-1.48455e-09, -3.25052e-08)
  Range: [0.799888, 1.55067]
  Time: 1.703184e+00 (3.406368e-02 for 50 steps)
-
  Volume: 4.39476
  Momentum: (-6.40196e-10, -1.54337e-07)
  Range: [0.808211, 1.52946]
  Time: 1.702725e+00 (3.405449e-02 for 50 steps)
-
  Volume: 4.38818
  Momentum: (5.4046e-09, -5.97931e-08)
  Range: [0.815564, 1.5042]
  Time: 1.702955e+00 (3.405910e-02 for 50 steps)
-
  Volume: 4.38466
  Momentum: (4.22094e-09, 3.40464e-08)
  Range: [0.822604, 1.47964]
  Time: 1.702920e+00 (3.405840e-02 for 50 steps)
-
  Volume: 4.39015
  Momentum: (-4.17638e-09, 5.86178e-08)
  Range: [0.828707, 1.45604]
  Time: 1.702896e+00 (3.405791e-02 for 50 steps)
-
  Volume: 4.39018
  Momentum: (-6.23496e-09, 9.78752e-09)
  Range: [0.937902, 1.43034]
  Time: 1.703065e+00 (3.406131e-02 for 50 steps)
-
  Volume: 4.38647
  Momentum: (-4.02859e-09, 1.52103e-07)
  Range: [0.936173, 1.40152]
  Time: 1.702979e+00 (3.405957e-02 for 50 steps)
-
  Volume: 4.38121
  Momentum: (9.60393e-09, 1.09383e-07)
  Range: [0.933819, 1.37338]
  Time: 1.702940e+00 (3.405881e-02 for 50 steps)
-
  Volume: 4.38173
  Momentum: (8.24266e-10, -2.56739e-08)
  Range: [0.930486, 1.34603]
  Time: 1.702763e+00 (3.405526e-02 for 50 steps)
-
  Volume: 4.39604
  Momentum: (-1.16916e-09, 2.14593e-07)
  Range: [0.92609, 1.31254]
  Time: 1.702812e+00 (3.405624e-02 for 50 steps)
-
  Volume: 4.40089
  Momentum: (-1.16329e-08, 1.45661e-07)
  Range: [0.920998, 1.27981]
  Time: 1.703014e+00 (3.406028e-02 for 50 steps)
-
  Volume: 4.40861
  Momentum: (-6.08104e-09, -1.52035e-07)
  Range: [0.914285, 1.24631]
  Time: 1.702959e+00 (3.405918e-02 for 50 steps)
-
  Volume: 4.38917
  Momentum: (-6.8628e-09, -1.51804e-07)
  Range: [0.907376, 1.4445]
  Time: 1.634888e+00 (3.406016e-02 for 48 steps)
-
  Volume: 4.38066
  Momentum: (-4.19797e-09, -9.58294e-08)
  Range: [0.898573, 1.50499]
  Time: 1.634942e+00 (3.406129e-02 for 48 steps)
-
  Volume: 4.39784
  Momentum: (7.11356e-09, 2.20759e-07)
  Range: [0.887148, 1.47549]
  Time: 1.634704e+00 (3.405634e-02 for 48 steps)
-
  Volume: 4.39026
  Momentum: (-5.62204e-09, -2.81203e-07)
  Range: [0.870855, 1.45107]
  Time: 1.647955e+00 (3.433241e-02 for 48 steps)
-
  Volume: 4.39333
  Momentum: (-2.5307e-09, -7.85431e-08)
  Range: [0.8554, 1.43208]
  Time: 1.566228e+00 (3.404843e-02 for 46 steps)
-
  Volume: 4.3991
  Momentum: (-7.11419e-09, -9.83649e-08)
  Range: [0.841751, 1.41528]
  Time: 1.566751e+00 (3.405980e-02 for 46 steps)
-
  Volume: 4.39439
  Momentum: (-7.33918e-09, 1.88831e-07)
  Range: [0.829375, 1.39917]
  Time: 1.567015e+00 (3.406554e-02 for 46 steps)
Total compute time: 8.266196e+01
