2 2 200 200 0.45 50 0.01
-
  Volume: 4.393
  Momentum: (0, 0)
  Range: [1, 1.5]
-
  Volume: 4.39299
  Momentum: (-2.71469e-10, 1.30001e-09)
  Range: [1, 1.5]
  Time: 2.438809e-02 (2.438809e-03 for 10 steps)
-
  Volume: 4.39299
  Momentum: (-2.0536e-11, 3.20909e-09)
  Range: [1, 1.5]
  Time: 2.021093e-02 (2.021093e-03 for 10 steps)
-
  Volume: 4.39298
  Momentum: (-2.39848e-09, -4.49336e-09)
  Range: [1, 1.5]
  Time: 1.805752e-02 (1.805752e-03 for 10 steps)
-
  Volume: 4.393
  Momentum: (-2.79802e-10, 7.68611e-10)
  Range: [1, 1.5]
  Time: 1.666630e-02 (1.666630e-03 for 10 steps)
-
  Volume: 4.39299
  Momentum: (-1.79565e-09, 1.00163e-08)
  Range: [1, 1.5]
  Time: 1.538644e-02 (1.538644e-03 for 10 steps)
-
  Volume: 4.393
  Momentum: (2.29632e-09, -1.14691e-09)
  Range: [1, 1.5]
  Time: 1.448439e-02 (1.448439e-03 for 10 steps)
-
  Volume: 4.393
  Momentum: (7.13423e-11, -4.27788e-09)
  Range: [1, 1.5]
  Time: 1.366218e-02 (1.366218e-03 for 10 steps)
-
  Volume: 4.39298
  Momentum: (-1.62324e-09, 4.54957e-08)
  Range: [1, 1.5]
  Time: 1.282689e-02 (1.282689e-03 for 10 steps)
-
  Volume: 4.39299
  Momentum: (-4.36898e-09, -5.74642e-08)
  Range: [1, 1.5]
  Time: 1.208194e-02 (1.208194e-03 for 10 steps)
-
  Volume: 4.39298
  Momentum: (-3.33973e-10, 9.7886e-09)
  Range: [1, 1.5]
  Time: 1.208416e-02 (1.208416e-03 for 10 steps)
-
  Volume: 4.393
  Momentum: (-9.35599e-10, 5.20726e-08)
  Range: [1, 1.49994]
  Time: 1.208570e-02 (1.208570e-03 for 10 steps)
-
  Volume: 4.39302
  Momentum: (1.5506e-10, 1.20786e-08)
  Range: [1, 1.48666]
  Time: 1.208916e-02 (1.208916e-03 for 10 steps)
-
  Volume: 4.39296
  Momentum: (-4.30017e-09, -1.08686e-08)
  Range: [0.965192, 1.31195]
  Time: 1.208564e-02 (1.208564e-03 for 10 steps)
-
  Volume: 4.39295
  Momentum: (1.49668e-09, 3.6846e-08)
  Range: [0.917708, 1.21778]
  Time: 1.208562e-02 (1.208562e-03 for 10 steps)
-
  Volume: 4.39304
  Momentum: (1.93616e-09, -6.76785e-09)
  Range: [0.857398, 1.3439]
  Time: 1.209235e-02 (1.209235e-03 for 10 steps)
-
  Volume: 4.39296
  Momentum: (-6.01193e-09, -2.14941e-08)
  Range: [0.739905, 1.34791]
  Time: 1.208528e-02 (1.208528e-03 for 10 steps)
-
  Volume: 4.39298
  Momentum: (1.80618e-09, 1.06193e-07)
  Range: [0.637223, 1.35278]
  Time: 1.208572e-02 (1.208572e-03 for 10 steps)
-
  Volume: 4.39295
  Momentum: (1.29216e-10, 1.02475e-08)
  Range: [0.556743, 1.35561]
  Time: 1.208363e-02 (1.208363e-03 for 10 steps)
-
  Volume: 4.39309
  Momentum: (-5.06122e-09, -3.98099e-08)
  Range: [0.492252, 1.35668]
  Time: 1.208359e-02 (1.208359e-03 for 10 steps)
-
  Volume: 4.39296
  Momentum: (-3.58062e-09, -1.05005e-07)
  Range: [0.43833, 1.35942]
  Time: 1.208776e-02 (1.208776e-03 for 10 steps)
-
  Volume: 4.39301
  Momentum: (-3.8782e-09, 5.78573e-08)
  Range: [0.392837, 1.35895]
  Time: 1.208944e-02 (1.208944e-03 for 10 steps)
-
  Volume: 4.39295
  Momentum: (-1.13477e-09, 9.67283e-08)
  Range: [0.356245, 1.35895]
  Time: 1.208390e-02 (1.208390e-03 for 10 steps)
-
  Volume: 4.39298
  Momentum: (-5.32199e-09, 6.2609e-08)
  Range: [0.359695, 1.35635]
  Time: 1.208817e-02 (1.208817e-03 for 10 steps)
-
  Volume: 4.39301
  Momentum: (-5.69298e-09, 4.2564e-08)
  Range: [0.6303, 1.35842]
  Time: 1.209096e-02 (1.209096e-03 for 10 steps)
-
  Volume: 4.393
  Momentum: (1.88055e-09, 1.85333e-08)
  Range: [0.680492, 1.35425]
  Time: 1.208400e-02 (1.208400e-03 for 10 steps)
-
  Volume: 4.393
  Momentum: (-2.71797e-09, 4.32849e-08)
  Range: [0.712327, 1.41902]
  Time: 1.209102e-02 (1.209102e-03 for 10 steps)
-
  Volume: 4.39302
  Momentum: (-6.99013e-09, 1.47223e-08)
  Range: [0.735988, 1.66556]
  Time: 1.208600e-02 (1.208600e-03 for 10 steps)
-
  Volume: 4.39298
  Momentum: (-7.78008e-09, 5.81713e-08)
  Range: [0.754446, 1.63905]
  Time: 1.208518e-02 (1.208518e-03 for 10 steps)
-
  Volume: 4.393
  Momentum: (-4.63813e-09, -1.31076e-08)
  Range: [0.769496, 1.60816]
  Time: 1.208404e-02 (1.208404e-03 for 10 steps)
-
  Volume: 4.39303
  Momentum: (6.51889e-09, 9.30578e-10)
  Range: [0.78211, 1.58547]
  Time: 1.208293e-02 (1.208293e-03 for 10 steps)
-
  Volume: 4.393
  Momentum: (-3.76264e-09, 4.06077e-08)
  Range: [0.792803, 1.55696]
  Time: 1.208395e-02 (1.208395e-03 for 10 steps)
-
  Volume: 4.39302
  Momentum: (-1.22013e-09, 4.64369e-08)
  Range: [0.802111, 1.53781]
  Time: 1.208632e-02 (1.208632e-03 for 10 steps)
-
  Volume: 4.39303
  Momentum: (-3.80063e-09, -1.52003e-08)
  Range: [0.808822, 1.51384]
  Time: 1.208768e-02 (1.208768e-03 for 10 steps)
-
  Volume: 4.39303
  Momentum: (7.74302e-10, 1.23434e-08)
  Range: [0.816506, 1.48388]
  Time: 1.208714e-02 (1.208714e-03 for 10 steps)
-
  Volume: 4.39304
  Momentum: (-3.84352e-09, 8.88694e-08)
  Range: [0.824047, 1.45971]
  Time: 1.208555e-02 (1.208555e-03 for 10 steps)
-
  Volume: 4.39299
  Momentum: (5.55506e-09, -5.19961e-08)
  Range: [0.832045, 1.44008]
  Time: 1.208529e-02 (1.208529e-03 for 10 steps)
-
  Volume: 4.39293
  Momentum: (2.45064e-09, 1.43231e-07)
  Range: [0.939341, 1.41181]
  Time: 1.208474e-02 (1.208474e-03 for 10 steps)
-
  Volume: 4.393
  Momentum: (-2.08416e-09, -2.14741e-07)
  Range: [0.938612, 1.3843]
  Time: 1.208785e-02 (1.208785e-03 for 10 steps)
-
  Volume: 4.393
  Momentum: (-6.87097e-09, 1.19116e-07)
  Range: [0.934914, 1.35487]
  Time: 1.208648e-02 (1.208648e-03 for 10 steps)
-
  Volume: 4.39304
  Momentum: (-8.3237e-09, -1.73686e-07)
  Range: [0.93212, 1.3254]
  Time: 1.208559e-02 (1.208559e-03 for 10 steps)
-
  Volume: 4.39294
  Momentum: (-4.60055e-09, 1.94016e-07)
  Range: [0.927782, 1.28967]
  Time: 1.208559e-02 (1.208559e-03 for 10 steps)
-
  Volume: 4.393
  Momentum: (-8.81497e-10, -1.25165e-07)
  Range: [0.922801, 1.25481]
  Time: 1.208364e-02 (1.208364e-03 for 10 steps)
-
  Volume: 4.39299
  Momentum: (-1.07641e-08, 1.42083e-08)
  Range: [0.91619, 1.22653]
  Time: 1.208958e-02 (1.208958e-03 for 10 steps)
-
  Volume: 4.39298
  Momentum: (3.4818e-09, -1.6508e-07)
  Range: [0.907964, 1.29219]
  Time: 1.209129e-02 (1.209129e-03 for 10 steps)
-
  Volume: 4.393
  Momentum: (-2.5216e-09, -2.01777e-08)
  Range: [0.900148, 1.50245]
  Time: 1.208580e-02 (1.208580e-03 for 10 steps)
-
  Volume: 4.39301
  Momentum: (3.39993e-09, 3.0735e-07)
  Range: [0.887197, 1.47461]
  Time: 1.208539e-02 (1.208539e-03 for 10 steps)
-
  Volume: 4.39302
  Momentum: (-2.85808e-08, -1.29425e-07)
  Range: [0.870729, 1.44978]
  Time: 1.208525e-02 (1.208525e-03 for 10 steps)
-
  Volume: 4.39303
  Momentum: (-6.58045e-09, -1.27248e-08)
  Range: [0.856312, 1.42924]
  Time: 1.208438e-02 (1.208438e-03 for 10 steps)
-
  Volume: 4.39299
  Momentum: (-7.11279e-09, -5.74719e-09)
  Range: [0.843429, 1.4099]
  Time: 1.208554e-02 (1.208554e-03 for 10 steps)
-
  Volume: 4.39294
  Momentum: (-1.60886e-08, 7.70452e-08)
  Range: [0.832963, 1.39222]
  Time: 1.208431e-02 (1.208431e-03 for 10 steps)
Total compute time: 6.433003e-01
