2 2 400 400 0.45 50 0.01
-
  Volume: 4.39285
  Momentum: (0, 0)
  Range: [1, 1.5]
-
  Volume: 4.39284
  Momentum: (-4.55683e-10, 3.66444e-10)
  Range: [1, 1.5]
  Time: 1.163128e-01 (5.815640e-03 for 20 steps)
-
  Volume: 4.39279
  Momentum: (-3.70082e-10, 5.42482e-09)
  Range: [1, 1.5]
  Time: 7.427596e-02 (3.713798e-03 for 20 steps)
-
  Volume: 4.39299
  Momentum: (-1.56917e-10, -9.63901e-10)
  Range: [1, 1.5]
  Time: 7.426489e-02 (3.713244e-03 for 20 steps)
-
  Volume: 4.39265
  Momentum: (-2.92653e-09, -4.79291e-09)
  Range: [1, 1.5]
  Time: 7.423668e-02 (3.711834e-03 for 20 steps)
-
  Volume: 4.39308
  Momentum: (-3.49851e-11, -4.03181e-09)
  Range: [1, 1.5]
  Time: 7.425477e-02 (3.712738e-03 for 20 steps)
-
  Volume: 4.39287
  Momentum: (2.42195e-09, 1.07651e-08)
  Range: [1, 1.5]
  Time: 7.431958e-02 (3.715979e-03 for 20 steps)
-
  Volume: 4.39265
  Momentum: (-2.82434e-09, 9.56194e-09)
  Range: [1, 1.5]
  Time: 7.428644e-02 (3.714322e-03 for 20 steps)
-
  Volume: 4.39305
  Momentum: (-1.21279e-09, 1.5075e-08)
  Range: [1, 1.5]
  Time: 7.425003e-02 (3.712502e-03 for 20 steps)
-
  Volume: 4.39305
  Momentum: (8.9484e-10, 1.26873e-08)
  Range: [1, 1.5]
  Time: 7.426416e-02 (3.713208e-03 for 20 steps)
-
  Volume: 4.39265
  Momentum: (1.70539e-09, 5.08782e-08)
  Range: [1, 1.5]
  Time: 7.429006e-02 (3.714503e-03 for 20 steps)
-
  Volume: 4.39256
  Momentum: (7.28336e-09, -8.1527e-09)
  Range: [1, 1.5]
  Time: 7.442267e-02 (3.721133e-03 for 20 steps)
-
  Volume: 4.39301
  Momentum: (-3.629e-09, -2.82238e-09)
  Range: [0.996044, 1.49933]
  Time: 7.425219e-02 (3.712610e-03 for 20 steps)
-
  Volume: 4.3932
  Momentum: (-1.27808e-09, 4.2067e-08)
  Range: [0.955306, 1.35426]
  Time: 7.427683e-02 (3.713842e-03 for 20 steps)
-
  Volume: 4.39281
  Momentum: (-1.00218e-09, 3.49168e-09)
  Range: [0.906689, 1.24786]
  Time: 7.426060e-02 (3.713030e-03 for 20 steps)
-
  Volume: 4.39254
  Momentum: (1.10666e-09, -5.71592e-08)
  Range: [0.845869, 1.34971]
  Time: 7.426813e-02 (3.713407e-03 for 20 steps)
-
  Volume: 4.39255
  Momentum: (2.19563e-09, -2.7563e-08)
  Range: [0.727155, 1.35831]
  Time: 6.680396e-02 (3.711331e-03 for 18 steps)
-
  Volume: 4.39294
  Momentum: (3.00434e-09, 5.86472e-08)
  Range: [0.624447, 1.36675]
  Time: 6.685244e-02 (3.714024e-03 for 18 steps)
-
  Volume: 4.39319
  Momentum: (1.94898e-09, 4.83909e-09)
  Range: [0.544095, 1.35999]
  Time: 7.426096e-02 (3.713048e-03 for 20 steps)
-
  Volume: 4.39298
  Momentum: (-4.39519e-09, -7.49033e-08)
  Range: [0.479525, 1.35888]
  Time: 7.424234e-02 (3.712117e-03 for 20 steps)
-
  Volume: 4.39249
  Momentum: (1.65115e-09, -5.32288e-08)
  Range: [0.426733, 1.35887]
  Time: 7.430751e-02 (3.715376e-03 for 20 steps)
-
  Volume: 4.39263
  Momentum: (1.62327e-09, 1.95137e-09)
  Range: [0.38256, 1.36087]
  Time: 7.427309e-02 (3.713654e-03 for 20 steps)
-
  Volume: 4.39287
  Momentum: (2.20703e-09, 1.06794e-07)
  Range: [0.344896, 1.35945]
  Time: 7.430389e-02 (3.715194e-03 for 20 steps)
-
  Volume: 4.39284
  Momentum: (2.84868e-09, -7.54456e-08)
  Range: [0.312497, 1.35801]
  Time: 7.426457e-02 (3.713229e-03 for 20 steps)
-
  Volume: 4.39282
  Momentum: (3.20823e-09, 1.26451e-07)
  Range: [0.633472, 1.36303]
  Time: 7.428396e-02 (3.714198e-03 for 20 steps)
-
  Volume: 4.39281
  Momentum: (2.81392e-09, -8.53165e-08)
  Range: [0.680774, 1.35785]
  Time: 7.428872e-02 (3.714436e-03 for 20 steps)
-
  Volume: 4.39289
  Momentum: (5.72354e-09, 2.30014e-08)
  Range: [0.711525, 1.6699]
  Time: 7.606986e-02 (3.803493e-03 for 20 steps)
-
  Volume: 4.39293
  Momentum: (-2.38772e-09, -5.6428e-08)
  Range: [0.734826, 1.67511]
  Time: 7.433322e-02 (3.716661e-03 for 20 steps)
-
  Volume: 4.39307
  Momentum: (4.11943e-09, 4.72009e-08)
  Range: [0.752802, 1.63915]
  Time: 7.424396e-02 (3.712198e-03 for 20 steps)
-
  Volume: 4.39278
  Momentum: (4.94474e-09, -7.92642e-08)
  Range: [0.767733, 1.61309]
  Time: 7.425671e-02 (3.712836e-03 for 20 steps)
-
  Volume: 4.39272
  Momentum: (3.13875e-09, -1.68792e-08)
  Range: [0.78046, 1.58746]
  Time: 7.427985e-02 (3.713993e-03 for 20 steps)
-
  Volume: 4.3927
  Momentum: (4.24418e-09, 4.39821e-08)
  Range: [0.791235, 1.56724]
  Time: 7.428544e-02 (3.714272e-03 for 20 steps)
-
  Volume: 4.39312
  Momentum: (2.67543e-09, -1.33572e-08)
  Range: [0.800454, 1.54261]
  Time: 7.430005e-02 (3.715003e-03 for 20 steps)
-
  Volume: 4.39297
  Momentum: (-1.2046e-09, -9.77546e-08)
  Range: [0.80869, 1.51996]
  Time: 7.428743e-02 (3.714371e-03 for 20 steps)
-
  Volume: 4.39352
  Momentum: (3.55335e-09, -8.83023e-08)
  Range: [0.815536, 1.49423]
  Time: 7.423808e-02 (3.711904e-03 for 20 steps)
-
  Volume: 4.39217
  Momentum: (-8.72159e-09, -6.42618e-08)
  Range: [0.823445, 1.47429]
  Time: 7.423045e-02 (3.711523e-03 for 20 steps)
-
  Volume: 4.39351
  Momentum: (-8.50996e-10, 7.84806e-08)
  Range: [0.830212, 1.44397]
  Time: 7.427690e-02 (3.713845e-03 for 20 steps)
-
  Volume: 4.39221
  Momentum: (1.00407e-09, -7.68686e-09)
  Range: [0.937879, 1.4137]
  Time: 7.430026e-02 (3.715013e-03 for 20 steps)
-
  Volume: 4.39299
  Momentum: (3.06286e-09, 2.88497e-08)
  Range: [0.937282, 1.38865]
  Time: 7.425158e-02 (3.712579e-03 for 20 steps)
-
  Volume: 4.39286
  Momentum: (-1.25616e-09, -2.68821e-08)
  Range: [0.933783, 1.35944]
  Time: 7.424091e-02 (3.712046e-03 for 20 steps)
-
  Volume: 4.39275
  Momentum: (4.79712e-09, -5.08064e-08)
  Range: [0.930355, 1.32854]
  Time: 7.428080e-02 (3.714040e-03 for 20 steps)
-
  Volume: 4.3931
  Momentum: (-1.12542e-08, -4.07747e-08)
  Range: [0.926601, 1.29641]
  Time: 7.428715e-02 (3.714357e-03 for 20 steps)
-
  Volume: 4.39289
  Momentum: (-9.04499e-09, 1.27554e-08)
  Range: [0.92173, 1.26529]
  Time: 7.425555e-02 (3.712778e-03 for 20 steps)
-
  Volume: 4.39272
  Momentum: (2.63136e-09, 6.28472e-08)
  Range: [0.915628, 1.23334]
  Time: 7.422615e-02 (3.711308e-03 for 20 steps)
-
  Volume: 4.39294
  Momentum: (5.07587e-09, 9.60328e-08)
  Range: [0.90729, 1.33088]
  Time: 7.430323e-02 (3.715161e-03 for 20 steps)
-
  Volume: 4.39304
  Momentum: (-1.56723e-08, -9.17265e-08)
  Range: [0.898908, 1.5053]
  Time: 7.431589e-02 (3.715795e-03 for 20 steps)
-
  Volume: 4.39248
  Momentum: (2.22487e-10, -3.36975e-07)
  Range: [0.886937, 1.47488]
  Time: 7.425905e-02 (3.712953e-03 for 20 steps)
-
  Volume: 4.39297
  Momentum: (8.37045e-09, 2.83982e-07)
  Range: [0.870958, 1.45068]
  Time: 7.422170e-02 (3.711085e-03 for 20 steps)
-
  Volume: 4.39235
  Momentum: (-1.52312e-08, -2.17892e-07)
  Range: [0.855261, 1.43218]
  Time: 6.683816e-02 (3.713231e-03 for 18 steps)
-
  Volume: 4.39263
  Momentum: (-1.90616e-09, 9.87269e-08)
  Range: [0.841904, 1.41292]
  Time: 6.681379e-02 (3.711877e-03 for 18 steps)
-
  Volume: 4.39261
  Momentum: (-1.58174e-08, -3.24084e-08)
  Range: [0.830031, 1.39665]
  Time: 6.684739e-02 (3.713744e-03 for 18 steps)
Total compute time: 3.720361e+00
