2 2 600 600 0.45 50 0.01
-
  Volume: 4.39271
  Momentum: (0, 0)
  Range: [1, 1.5]
-
  Volume: 4.39246
  Momentum: (4.67539e-11, -4.02087e-10)
  Range: [1, 1.5]
  Time: 2.961815e-01 (9.872716e-03 for 30 steps)
-
  Volume: 4.39252
  Momentum: (4.00441e-10, 2.46439e-09)
  Range: [1, 1.5]
  Time: 2.752471e-01 (9.174903e-03 for 30 steps)
-
  Volume: 4.39396
  Momentum: (-4.4618e-10, -9.93044e-09)
  Range: [1, 1.5]
  Time: 2.747927e-01 (9.159755e-03 for 30 steps)
-
  Volume: 4.39307
  Momentum: (1.0967e-09, -2.79599e-08)
  Range: [1, 1.5]
  Time: 2.743127e-01 (9.143755e-03 for 30 steps)
-
  Volume: 4.39133
  Momentum: (9.62147e-10, -9.13816e-09)
  Range: [1, 1.5]
  Time: 2.752349e-01 (9.174498e-03 for 30 steps)
-
  Volume: 4.39163
  Momentum: (4.91522e-11, -1.31118e-08)
  Range: [1, 1.5]
  Time: 2.748948e-01 (9.163161e-03 for 30 steps)
-
  Volume: 4.39253
  Momentum: (-1.28871e-09, 4.67166e-08)
  Range: [1, 1.5]
  Time: 2.793264e-01 (9.310881e-03 for 30 steps)
-
  Volume: 4.39383
  Momentum: (9.41337e-10, 1.12084e-08)
  Range: [1, 1.5]
  Time: 2.752780e-01 (9.175932e-03 for 30 steps)
-
  Volume: 4.39407
  Momentum: (2.78412e-09, -1.01057e-08)
  Range: [1, 1.5]
  Time: 2.752863e-01 (9.176209e-03 for 30 steps)
-
  Volume: 4.39389
  Momentum: (5.39281e-10, -8.4754e-10)
  Range: [1, 1.5]
  Time: 2.751601e-01 (9.172004e-03 for 30 steps)
-
  Volume: 4.39275
  Momentum: (-2.2928e-09, -7.86114e-09)
  Range: [1, 1.5]
  Time: 2.753234e-01 (9.177446e-03 for 30 steps)
-
  Volume: 4.39159
  Momentum: (2.54388e-10, -7.0394e-08)
  Range: [0.99457, 1.49996]
  Time: 2.752228e-01 (9.174094e-03 for 30 steps)
-
  Volume: 4.39048
  Momentum: (-2.83338e-11, -4.37706e-08)
  Range: [0.953088, 1.3754]
  Time: 2.748795e-01 (9.162649e-03 for 30 steps)
-
  Volume: 4.39124
  Momentum: (-6.89981e-10, 7.56212e-08)
  Range: [0.903326, 1.2737]
  Time: 2.767609e-01 (9.225364e-03 for 30 steps)
-
  Volume: 4.39243
  Momentum: (-7.50449e-10, 2.34442e-08)
  Range: [0.841539, 1.35274]
  Time: 2.593212e-01 (9.261471e-03 for 28 steps)
-
  Volume: 4.39375
  Momentum: (1.33952e-09, 5.90653e-08)
  Range: [0.722571, 1.35766]
  Time: 2.554811e-01 (9.124325e-03 for 28 steps)
-
  Volume: 4.39279
  Momentum: (-9.71079e-10, 3.68496e-08)
  Range: [0.619994, 1.36096]
  Time: 2.564629e-01 (9.159388e-03 for 28 steps)
-
  Volume: 4.39436
  Momentum: (1.59516e-09, 6.31601e-08)
  Range: [0.539684, 1.36553]
  Time: 2.563249e-01 (9.154459e-03 for 28 steps)
-
  Volume: 4.39359
  Momentum: (1.04613e-09, -5.18755e-08)
  Range: [0.475141, 1.37006]
  Time: 2.568921e-01 (9.174718e-03 for 28 steps)
-
  Volume: 4.39205
  Momentum: (2.70865e-09, -1.71336e-08)
  Range: [0.422304, 1.3621]
  Time: 2.756840e-01 (9.189466e-03 for 30 steps)
-
  Volume: 4.39361
  Momentum: (1.37814e-09, -1.26848e-07)
  Range: [0.378456, 1.35947]
  Time: 2.741353e-01 (9.137843e-03 for 30 steps)
-
  Volume: 4.3929
  Momentum: (2.03488e-09, 2.48732e-08)
  Range: [0.341146, 1.36011]
  Time: 2.753157e-01 (9.177190e-03 for 30 steps)
-
  Volume: 4.39228
  Momentum: (-1.14724e-09, 1.44211e-08)
  Range: [0.308782, 1.36244]
  Time: 2.752233e-01 (9.174110e-03 for 30 steps)
-
  Volume: 4.39293
  Momentum: (-4.94742e-10, 6.36786e-08)
  Range: [0.634738, 1.36498]
  Time: 2.792958e-01 (9.309860e-03 for 30 steps)
-
  Volume: 4.39246
  Momentum: (-2.04202e-09, -1.21192e-07)
  Range: [0.681521, 1.36167]
  Time: 2.760629e-01 (9.202096e-03 for 30 steps)
-
  Volume: 4.39316
  Momentum: (5.65747e-10, 8.60284e-08)
  Range: [0.711935, 1.82254]
  Time: 2.749743e-01 (9.165810e-03 for 30 steps)
-
  Volume: 4.39226
  Momentum: (2.76142e-10, 3.13081e-08)
  Range: [0.734664, 1.67396]
  Time: 2.754355e-01 (9.181183e-03 for 30 steps)
-
  Volume: 4.39218
  Momentum: (-2.55708e-09, -2.43056e-08)
  Range: [0.752433, 1.63882]
  Time: 2.746371e-01 (9.154570e-03 for 30 steps)
-
  Volume: 4.39277
  Momentum: (-3.73395e-09, -5.9545e-08)
  Range: [0.767131, 1.6095]
  Time: 2.752710e-01 (9.175699e-03 for 30 steps)
-
  Volume: 4.39167
  Momentum: (-3.33201e-10, -1.97612e-08)
  Range: [0.779905, 1.59016]
  Time: 2.749112e-01 (9.163708e-03 for 30 steps)
-
  Volume: 4.39374
  Momentum: (-4.44237e-09, 1.6509e-08)
  Range: [0.790556, 1.56787]
  Time: 2.748947e-01 (9.163158e-03 for 30 steps)
-
  Volume: 4.39279
  Momentum: (-3.23595e-09, 8.32264e-08)
  Range: [0.799987, 1.54586]
  Time: 2.746197e-01 (9.153989e-03 for 30 steps)
-
  Volume: 4.39249
  Momentum: (-8.5878e-09, 6.35936e-08)
  Range: [0.808205, 1.52407]
  Time: 2.752941e-01 (9.176470e-03 for 30 steps)
-
  Volume: 4.39032
  Momentum: (-5.9043e-09, -5.08341e-09)
  Range: [0.815327, 1.50245]
  Time: 2.750549e-01 (9.168496e-03 for 30 steps)
-
  Volume: 4.39475
  Momentum: (-4.26591e-09, -1.05383e-07)
  Range: [0.822712, 1.47382]
  Time: 2.745643e-01 (9.152143e-03 for 30 steps)
-
  Volume: 4.3931
  Momentum: (-4.09221e-09, -1.30311e-08)
  Range: [0.830051, 1.44887]
  Time: 2.789850e-01 (9.299501e-03 for 30 steps)
-
  Volume: 4.39168
  Momentum: (-4.48288e-09, 1.19942e-07)
  Range: [0.938198, 1.42254]
  Time: 2.745863e-01 (9.152877e-03 for 30 steps)
-
  Volume: 4.38995
  Momentum: (-7.9228e-09, -2.88001e-08)
  Range: [0.936029, 1.39424]
  Time: 2.752456e-01 (9.174853e-03 for 30 steps)
-
  Volume: 4.39267
  Momentum: (-6.37007e-10, -4.41018e-08)
  Range: [0.934212, 1.36486]
  Time: 2.739870e-01 (9.132899e-03 for 30 steps)
-
  Volume: 4.39382
  Momentum: (-6.44233e-09, 7.55429e-08)
  Range: [0.930367, 1.3359]
  Time: 2.739478e-01 (9.131594e-03 for 30 steps)
-
  Volume: 4.39396
  Momentum: (-1.27763e-08, 1.90087e-07)
  Range: [0.926515, 1.30327]
  Time: 2.748666e-01 (9.162219e-03 for 30 steps)
-
  Volume: 4.394
  Momentum: (-6.3383e-11, 1.39121e-08)
  Range: [0.921404, 1.27551]
  Time: 2.750978e-01 (9.169927e-03 for 30 steps)
-
  Volume: 4.39115
  Momentum: (-1.84982e-08, -8.71249e-08)
  Range: [0.914993, 1.23903]
  Time: 2.751126e-01 (9.170419e-03 for 30 steps)
-
  Volume: 4.39228
  Momentum: (-1.01953e-08, 1.17618e-07)
  Range: [0.907516, 1.36491]
  Time: 2.750861e-01 (9.169537e-03 for 30 steps)
-
  Volume: 4.3942
  Momentum: (-1.87766e-09, -1.52786e-07)
  Range: [0.898646, 1.50527]
  Time: 2.749147e-01 (9.163823e-03 for 30 steps)
-
  Volume: 4.39096
  Momentum: (-6.40654e-10, -3.83472e-08)
  Range: [0.886839, 1.47599]
  Time: 2.570244e-01 (9.179444e-03 for 28 steps)
-
  Volume: 4.39428
  Momentum: (-6.94367e-09, 7.87433e-08)
  Range: [0.871183, 1.45057]
  Time: 2.567715e-01 (9.170411e-03 for 28 steps)
-
  Volume: 4.39215
  Momentum: (-1.19814e-08, 2.61712e-07)
  Range: [0.85447, 1.43104]
  Time: 2.569013e-01 (9.175045e-03 for 28 steps)
-
  Volume: 4.39437
  Momentum: (-1.00126e-08, -2.22713e-08)
  Range: [0.841941, 1.41485]
  Time: 2.569548e-01 (9.176956e-03 for 28 steps)
-
  Volume: 4.39223
  Momentum: (-1.75615e-09, 2.70339e-07)
  Range: [0.83022, 1.39716]
  Time: 2.568499e-01 (9.173210e-03 for 28 steps)
Total compute time: 1.360409e+01
