2 2 1200 1200 0.45 50 0.01
-
  Volume: 4.39277
  Momentum: (0, 0)
  Range: [1, 1.5]
-
  Volume: 4.39519
  Momentum: (-9.96045e-11, 5.58687e-09)
  Range: [1, 1.5]
  Time: 2.844214e+00 (4.903817e-02 for 58 steps)
-
  Volume: 4.39783
  Momentum: (-2.02382e-10, 8.21625e-10)
  Range: [1, 1.5]
  Time: 2.821062e+00 (4.863900e-02 for 58 steps)
-
  Volume: 4.39574
  Momentum: (-5.07815e-10, -1.02065e-08)
  Range: [1, 1.5]
  Time: 2.819875e+00 (4.861853e-02 for 58 steps)
-
  Volume: 4.40024
  Momentum: (1.56662e-09, -1.56406e-08)
  Range: [1, 1.5]
  Time: 2.800484e+00 (4.828421e-02 for 58 steps)
-
  Volume: 4.40026
  Momentum: (2.86365e-10, 6.7458e-10)
  Range: [1, 1.5]
  Time: 2.800844e+00 (4.829042e-02 for 58 steps)
-
  Volume: 4.39941
  Momentum: (1.08576e-09, 2.31557e-08)
  Range: [1, 1.5]
  Time: 2.821063e+00 (4.863902e-02 for 58 steps)
-
  Volume: 4.39205
  Momentum: (-7.43654e-10, 1.06544e-08)
  Range: [1, 1.5]
  Time: 2.800649e+00 (4.828705e-02 for 58 steps)
-
  Volume: 4.38029
  Momentum: (5.8474e-10, -1.75166e-08)
  Range: [1, 1.5]
  Time: 2.801005e+00 (4.829319e-02 for 58 steps)
-
  Volume: 4.37247
  Momentum: (-8.2211e-10, -2.60275e-09)
  Range: [1, 1.5]
  Time: 2.800578e+00 (4.828582e-02 for 58 steps)
-
  Volume: 4.37154
  Momentum: (1.3784e-09, -2.18721e-08)
  Range: [1, 1.5]
  Time: 2.800707e+00 (4.828806e-02 for 58 steps)
-
  Volume: 4.37225
  Momentum: (-1.52735e-09, 2.98226e-08)
  Range: [1, 1.5]
  Time: 2.801133e+00 (4.829539e-02 for 58 steps)
-
  Volume: 4.37242
  Momentum: (1.18209e-09, -5.08193e-09)
  Range: [0.99394, 1.49999]
  Time: 2.819392e+00 (4.861020e-02 for 58 steps)
-
  Volume: 4.37333
  Momentum: (-1.09803e-09, 1.12322e-09)
  Range: [0.951497, 1.40823]
  Time: 2.800675e+00 (4.828750e-02 for 58 steps)
-
  Volume: 4.37501
  Momentum: (-1.25878e-09, -1.16254e-08)
  Range: [0.900578, 1.335]
  Time: 2.801198e+00 (4.829652e-02 for 58 steps)
-
  Volume: 4.37577
  Momentum: (1.49209e-10, 3.13758e-08)
  Range: [0.837674, 1.35307]
  Time: 2.704039e+00 (4.828642e-02 for 56 steps)
-
  Volume: 4.3778
  Momentum: (1.54889e-09, 1.94181e-08)
  Range: [0.718415, 1.36062]
  Time: 2.607536e+00 (4.828770e-02 for 54 steps)
-
  Volume: 4.3863
  Momentum: (5.27926e-10, 1.13489e-07)
  Range: [0.615898, 1.35935]
  Time: 2.704252e+00 (4.829022e-02 for 56 steps)
-
  Volume: 4.38882
  Momentum: (-6.87397e-10, -6.60367e-08)
  Range: [0.535616, 1.36403]
  Time: 2.704033e+00 (4.828630e-02 for 56 steps)
-
  Volume: 4.39079
  Momentum: (1.10413e-09, 8.56709e-08)
  Range: [0.471056, 1.37204]
  Time: 2.704593e+00 (4.829630e-02 for 56 steps)
-
  Volume: 4.39193
  Momentum: (-1.08937e-09, -5.16759e-08)
  Range: [0.418138, 1.36561]
  Time: 2.800831e+00 (4.829018e-02 for 58 steps)
-
  Volume: 4.38082
  Momentum: (-2.53644e-09, -6.88208e-08)
  Range: [0.37415, 1.36623]
  Time: 2.800836e+00 (4.829028e-02 for 58 steps)
-
  Volume: 4.38528
  Momentum: (1.83397e-10, -1.46471e-07)
  Range: [0.33712, 1.37209]
  Time: 2.801005e+00 (4.829320e-02 for 58 steps)
-
  Volume: 4.39292
  Momentum: (5.22331e-11, -5.3637e-08)
  Range: [0.305421, 1.36126]
  Time: 2.917618e+00 (4.862697e-02 for 60 steps)
-
  Volume: 4.40079
  Momentum: (-6.85278e-10, -2.62813e-08)
  Range: [0.636614, 1.36581]
  Time: 2.897508e+00 (4.829181e-02 for 60 steps)
-
  Volume: 4.40404
  Momentum: (-1.09109e-09, 3.46975e-08)
  Range: [0.682492, 1.36665]
  Time: 2.897270e+00 (4.828783e-02 for 60 steps)
-
  Volume: 4.39975
  Momentum: (-2.48637e-09, 1.23802e-07)
  Range: [0.712067, 1.74852]
  Time: 2.897649e+00 (4.829415e-02 for 60 steps)
-
  Volume: 4.40521
  Momentum: (-1.94873e-09, 4.93393e-08)
  Range: [0.734488, 1.67332]
  Time: 2.801199e+00 (4.829654e-02 for 58 steps)
-
  Volume: 4.404
  Momentum: (-2.60552e-09, -5.13541e-08)
  Range: [0.752275, 1.64888]
  Time: 2.800797e+00 (4.828960e-02 for 58 steps)
-
  Volume: 4.3966
  Momentum: (-2.72566e-09, -4.99559e-08)
  Range: [0.766967, 1.62234]
  Time: 2.801094e+00 (4.829473e-02 for 58 steps)
-
  Volume: 4.39356
  Momentum: (-1.59975e-10, -1.98021e-08)
  Range: [0.779421, 1.60852]
  Time: 2.801297e+00 (4.829822e-02 for 58 steps)
-
  Volume: 4.38651
  Momentum: (-2.11848e-09, -2.72778e-08)
  Range: [0.790271, 1.57304]
  Time: 2.897066e+00 (4.828443e-02 for 60 steps)
-
  Volume: 4.38659
  Momentum: (-7.94628e-09, 2.57875e-08)
  Range: [0.799664, 1.55231]
  Time: 2.897664e+00 (4.829441e-02 for 60 steps)
-
  Volume: 4.39586
  Momentum: (-8.14018e-12, 3.61904e-08)
  Range: [0.807977, 1.52946]
  Time: 2.897421e+00 (4.829034e-02 for 60 steps)
-
  Volume: 4.39118
  Momentum: (-1.54907e-09, 5.89485e-08)
  Range: [0.815389, 1.50887]
  Time: 2.898109e+00 (4.830181e-02 for 60 steps)
-
  Volume: 4.39387
  Momentum: (-6.02483e-09, -7.63652e-08)
  Range: [0.822418, 1.48372]
  Time: 2.897894e+00 (4.829823e-02 for 60 steps)
-
  Volume: 4.39987
  Momentum: (-2.44383e-09, -6.97957e-08)
  Range: [0.828678, 1.45742]
  Time: 2.897401e+00 (4.829001e-02 for 60 steps)
-
  Volume: 4.40252
  Momentum: (2.40678e-10, -2.16268e-08)
  Range: [0.937598, 1.43331]
  Time: 2.897421e+00 (4.829035e-02 for 60 steps)
-
  Volume: 4.39955
  Momentum: (-3.8507e-10, -2.19205e-07)
  Range: [0.93608, 1.40889]
  Time: 2.897320e+00 (4.828867e-02 for 60 steps)
-
  Volume: 4.36658
  Momentum: (-1.98328e-10, -7.44169e-08)
  Range: [0.933524, 1.37781]
  Time: 2.897316e+00 (4.828861e-02 for 60 steps)
-
  Volume: 4.38003
  Momentum: (-6.73243e-09, 5.90217e-07)
  Range: [0.930245, 1.34901]
  Time: 2.897033e+00 (4.828389e-02 for 60 steps)
-
  Volume: 4.39606
  Momentum: (-5.35118e-09, -1.2985e-07)
  Range: [0.926163, 1.31635]
  Time: 2.897567e+00 (4.829278e-02 for 60 steps)
-
  Volume: 4.39834
  Momentum: (3.55532e-09, -1.17886e-07)
  Range: [0.920829, 1.28557]
  Time: 2.897497e+00 (4.829162e-02 for 60 steps)
-
  Volume: 4.38158
  Momentum: (-2.09025e-09, 1.17289e-07)
  Range: [0.914151, 1.25675]
  Time: 2.801120e+00 (4.829517e-02 for 58 steps)
-
  Volume: 4.36534
  Momentum: (6.78425e-10, -1.25008e-07)
  Range: [0.907072, 1.4707]
  Time: 2.818719e+00 (4.859860e-02 for 58 steps)
-
  Volume: 4.36697
  Momentum: (4.97613e-09, 2.1551e-07)
  Range: [0.898421, 1.50507]
  Time: 2.800608e+00 (4.828635e-02 for 58 steps)
-
  Volume: 4.39724
  Momentum: (-4.60327e-09, -1.99598e-07)
  Range: [0.887167, 1.47655]
  Time: 2.800983e+00 (4.829281e-02 for 58 steps)
-
  Volume: 4.42302
  Momentum: (-7.81806e-09, -4.40414e-08)
  Range: [0.871036, 1.45149]
  Time: 2.704161e+00 (4.828859e-02 for 56 steps)
-
  Volume: 4.41471
  Momentum: (-7.66732e-09, -2.62722e-07)
  Range: [0.855153, 1.43206]
  Time: 2.704257e+00 (4.829031e-02 for 56 steps)
-
  Volume: 4.37491
  Momentum: (-3.29607e-09, 8.95979e-08)
  Range: [0.841604, 1.41606]
  Time: 2.607662e+00 (4.829004e-02 for 54 steps)
-
  Volume: 4.36373
  Momentum: (-4.38574e-09, 9.37936e-08)
  Range: [0.829713, 1.39975]
  Time: 2.607605e+00 (4.828898e-02 for 54 steps)
Total compute time: 1.405893e+02
